# JRE version: Java(TM) SE Runtime Environment (8.0_91-b15) (build 1.8.0_91-b15)
# Java VM: Java HotSpot(TM) 64-Bit Server VM (25.91-b15 mixed mode windows-amd64 compressed oops)
Heap:
 PSYoungGen      total 20480K, used 5935K [0x00000000eab00000, 0x00000000ec800000, 0x0000000100000000)
  eden space 12288K, 45% used [0x00000000eab00000,0x00000000eb07bf98,0x00000000eb700000)
  from space 8192K, 3% used [0x00000000ec000000,0x00000000ec050000,0x00000000ec800000)
  to   space 8704K, 0% used [0x00000000eb700000,0x00000000eb700000,0x00000000ebf80000)
 ParOldGen       total 32256K, used 13101K [0x00000000c0000000, 0x00000000c1f80000, 0x00000000eab00000)
  object space 32256K, 40% used [0x00000000c0000000,0x00000000c0ccb530,0x00000000c1f80000)
 Metaspace       used 21189K, capacity 21510K, committed 21760K, reserved 1069056K
  class space    used 2441K, capacity 2536K, committed 2560K, reserved 1048576K
GC Heap History (10 events):
Event: 2106.713 GC heap before
{Heap before GC invocations=27 (full 1):
 PSYoungGen      total 23040K, used 16873K [0x00000000eab00000, 0x00000000ecc00000, 0x0000000100000000)
  eden space 12288K, 99% used [0x00000000eab00000,0x00000000eb6ffe20,0x00000000eb700000)
  from space 10752K, 42% used [0x00000000eb700000,0x00000000ebb7a830,0x00000000ec180000)
  to   space 10752K, 0% used [0x00000000ec180000,0x00000000ec180000,0x00000000ecc00000)
 ParOldGen       total 32256K, used 11928K [0x00000000c0000000, 0x00000000c1f80000, 0x00000000eab00000)
  object space 32256K, 36% used [0x00000000c0000000,0x00000000c0ba63c0,0x00000000c1f80000)
 Metaspace       used 21159K, capacity 21492K, committed 21760K, reserved 1069056K
  class space    used 2438K, capacity 2533K, committed 2560K, reserved 1048576K
Event: 2106.717 GC heap after
Heap after GC invocations=27 (full 1):
 PSYoungGen      total 23040K, used 444K [0x00000000eab00000, 0x00000000ecc00000, 0x0000000100000000)
  eden space 12288K, 0% used [0x00000000eab00000,0x00000000eab00000,0x00000000eb700000)
  from space 10752K, 4% used [0x00000000ec180000,0x00000000ec1ef140,0x00000000ecc00000)
  to   space 10752K, 0% used [0x00000000eb700000,0x00000000eb700000,0x00000000ec180000)
 ParOldGen       total 32256K, used 12064K [0x00000000c0000000, 0x00000000c1f80000, 0x00000000eab00000)
  object space 32256K, 37% used [0x00000000c0000000,0x00000000c0bc83d0,0x00000000c1f80000)
 Metaspace       used 21159K, capacity 21492K, committed 21760K, reserved 1069056K
  class space    used 2438K, capacity 2533K, committed 2560K, reserved 1048576K
}
Event: 2115.537 GC heap before
{Heap before GC invocations=28 (full 1):
 PSYoungGen      total 23040K, used 12732K [0x00000000eab00000, 0x00000000ecc00000, 0x0000000100000000)
  eden space 12288K, 100% used [0x00000000eab00000,0x00000000eb700000,0x00000000eb700000)
  from space 10752K, 4% used [0x00000000ec180000,0x00000000ec1ef140,0x00000000ecc00000)
  to   space 10752K, 0% used [0x00000000eb700000,0x00000000eb700000,0x00000000ec180000)
 ParOldGen       total 32256K, used 12064K [0x00000000c0000000, 0x00000000c1f80000, 0x00000000eab00000)
  object space 32256K, 37% used [0x00000000c0000000,0x00000000c0bc83d0,0x00000000c1f80000)
 Metaspace       used 21168K, capacity 21498K, committed 21760K, reserved 1069056K
  class space    used 2439K, capacity 2534K, committed 2560K, reserved 1048576K
Event: 2115.541 GC heap after
Heap after GC invocations=28 (full 1):
 PSYoungGen      total 12800K, used 352K [0x00000000eab00000, 0x00000000ecb00000, 0x0000000100000000)
  eden space 12288K, 0% used [0x00000000eab00000,0x00000000eab00000,0x00000000eb700000)
  from space 512K, 68% used [0x00000000eb700000,0x00000000eb758000,0x00000000eb780000)
  to   space 10240K, 0% used [0x00000000ec100000,0x00000000ec100000,0x00000000ecb00000)
 ParOldGen       total 32256K, used 12389K [0x00000000c0000000, 0x00000000c1f80000, 0x00000000eab00000)
  object space 32256K, 38% used [0x00000000c0000000,0x00000000c0c19530,0x00000000c1f80000)
 Metaspace       used 21168K, capacity 21498K, committed 21760K, reserved 1069056K
  class space    used 2439K, capacity 2534K, committed 2560K, reserved 1048576K
}
Event: 2122.883 GC heap before
{Heap before GC invocations=29 (full 1):
 PSYoungGen      total 12800K, used 12639K [0x00000000eab00000, 0x00000000ecb00000, 0x0000000100000000)
  eden space 12288K, 99% used [0x00000000eab00000,0x00000000eb6fffb0,0x00000000eb700000)
  from space 512K, 68% used [0x00000000eb700000,0x00000000eb758000,0x00000000eb780000)
  to   space 10240K, 0% used [0x00000000ec100000,0x00000000ec100000,0x00000000ecb00000)
 ParOldGen       total 32256K, used 12389K [0x00000000c0000000, 0x00000000c1f80000, 0x00000000eab00000)
  object space 32256K, 38% used [0x00000000c0000000,0x00000000c0c19530,0x00000000c1f80000)
 Metaspace       used 21178K, capacity 21510K, committed 21760K, reserved 1069056K
  class space    used 2440K, capacity 2536K, committed 2560K, reserved 1048576K
Event: 2122.886 GC heap after
Heap after GC invocations=29 (full 1):
 PSYoungGen      total 21504K, used 320K [0x00000000eab00000, 0x00000000eca00000, 0x0000000100000000)
  eden space 12288K, 0% used [0x00000000eab00000,0x00000000eab00000,0x00000000eb700000)
  from space 9216K, 3% used [0x00000000ec100000,0x00000000ec150000,0x00000000eca00000)
  to   space 9728K, 0% used [0x00000000eb700000,0x00000000eb700000,0x00000000ec080000)
 ParOldGen       total 32256K, used 12581K [0x00000000c0000000, 0x00000000c1f80000, 0x00000000eab00000)
  object space 32256K, 39% used [0x00000000c0000000,0x00000000c0c49530,0x00000000c1f80000)
 Metaspace       used 21178K, capacity 21510K, committed 21760K, reserved 1069056K
  class space    used 2440K, capacity 2536K, committed 2560K, reserved 1048576K
}
Event: 2127.669 GC heap before
{Heap before GC invocations=30 (full 1):
 PSYoungGen      total 21504K, used 12608K [0x00000000eab00000, 0x00000000eca00000, 0x0000000100000000)
  eden space 12288K, 100% used [0x00000000eab00000,0x00000000eb700000,0x00000000eb700000)
  from space 9216K, 3% used [0x00000000ec100000,0x00000000ec150000,0x00000000eca00000)
  to   space 9728K, 0% used [0x00000000eb700000,0x00000000eb700000,0x00000000ec080000)
 ParOldGen       total 32256K, used 12581K [0x00000000c0000000, 0x00000000c1f80000, 0x00000000eab00000)
  object space 32256K, 39% used [0x00000000c0000000,0x00000000c0c49530,0x00000000c1f80000)
 Metaspace       used 21189K, capacity 21510K, committed 21760K, reserved 1069056K
  class space    used 2441K, capacity 2536K, committed 2560K, reserved 1048576K
Event: 2127.672 GC heap after
Heap after GC invocations=30 (full 1):
 PSYoungGen      total 12800K, used 416K [0x00000000eab00000, 0x00000000ec900000, 0x0000000100000000)
  eden space 12288K, 0% used [0x00000000eab00000,0x00000000eab00000,0x00000000eb700000)
  from space 512K, 81% used [0x00000000eb700000,0x00000000eb768000,0x00000000eb780000)
  to   space 9216K, 0% used [0x00000000ec000000,0x00000000ec000000,0x00000000ec900000)
 ParOldGen       total 32256K, used 12757K [0x00000000c0000000, 0x00000000c1f80000, 0x00000000eab00000)
  object space 32256K, 39% used [0x00000000c0000000,0x00000000c0c75530,0x00000000c1f80000)
 Metaspace       used 21189K, capacity 21510K, committed 21760K, reserved 1069056K
  class space    used 2441K, capacity 2536K, committed 2560K, reserved 1048576K
}
Event: 2132.227 GC heap before
{Heap before GC invocations=31 (full 1):
 PSYoungGen      total 12800K, used 12704K [0x00000000eab00000, 0x00000000ec900000, 0x0000000100000000)
  eden space 12288K, 100% used [0x00000000eab00000,0x00000000eb700000,0x00000000eb700000)
  from space 512K, 81% used [0x00000000eb700000,0x00000000eb768000,0x00000000eb780000)
  to   space 9216K, 0% used [0x00000000ec000000,0x00000000ec000000,0x00000000ec900000)
 ParOldGen       total 32256K, used 12757K [0x00000000c0000000, 0x00000000c1f80000, 0x00000000eab00000)
  object space 32256K, 39% used [0x00000000c0000000,0x00000000c0c75530,0x00000000c1f80000)
 Metaspace       used 21189K, capacity 21510K, committed 21760K, reserved 1069056K
  class space    used 2441K, capacity 2536K, committed 2560K, reserved 1048576K
Event: 2132.230 GC heap after
Heap after GC invocations=31 (full 1):
 PSYoungGen      total 20480K, used 320K [0x00000000eab00000, 0x00000000ec800000, 0x0000000100000000)
  eden space 12288K, 0% used [0x00000000eab00000,0x00000000eab00000,0x00000000eb700000)
  from space 8192K, 3% used [0x00000000ec000000,0x00000000ec050000,0x00000000ec800000)
  to   space 8704K, 0% used [0x00000000eb700000,0x00000000eb700000,0x00000000ebf80000)
 ParOldGen       total 32256K, used 13101K [0x00000000c0000000, 0x00000000c1f80000, 0x00000000eab00000)
  object space 32256K, 40% used [0x00000000c0000000,0x00000000c0ccb530,0x00000000c1f80000)
 Metaspace       used 21189K, capacity 21510K, committed 21760K, reserved 1069056K
  class space    used 2441K, capacity 2536K, committed 2560K, reserved 1048576K
}

